
env

LESSOPEN=| /usr/bin/lesspipe %s
MAIL=/var/mail/root
USER=root
SHLVL=4
OLDPWD=/root/CUCINA/Cucina/RACCOLTA/NGINX/1.8.0/nginx-1.8.0
HOME=/root
XDG_SESSION_COOKIE=52a3d9dc63bf7cc0c7f195890000002a-1432307018.299523-1521624405
LOGNAME=root
WINDOWID=18874381
_=./prepara.ricetta
XTERM_SHELL=/bin/bash
TERM=xterm
WINDOWPATH=2
PATH=/root:/root:/home/LaunchPad:/root/ANDRMD:/root:/home/LaunchPad:/root/ANDRMD:/home/LaunchPad:/usr/local/sbin:/usr/local/bin:/usr/sbin:/usr/bin:/sbin:/bin
DISPLAY=:0
LANG=it_IT.UTF-8
LS_COLORS=rs=0:di=01;34:ln=01;36:mh=00:pi=40;33:so=01;35:do=01;35:bd=40;33;01:cd=40;33;01:or=40;31;01:su=37;41:sg=30;43:ca=30;41:tw=30;42:ow=34;42:st=37;44:ex=01;32:*.tar=01;31:*.tgz=01;31:*.arj=01;31:*.taz=01;31:*.lzh=01;31:*.lzma=01;31:*.tlz=01;31:*.txz=01;31:*.zip=01;31:*.z=01;31:*.Z=01;31:*.dz=01;31:*.gz=01;31:*.lz=01;31:*.xz=01;31:*.bz2=01;31:*.bz=01;31:*.tbz=01;31:*.tbz2=01;31:*.tz=01;31:*.deb=01;31:*.rpm=01;31:*.jar=01;31:*.war=01;31:*.ear=01;31:*.sar=01;31:*.rar=01;31:*.ace=01;31:*.zoo=01;31:*.cpio=01;31:*.7z=01;31:*.rz=01;31:*.jpg=01;35:*.jpeg=01;35:*.gif=01;35:*.bmp=01;35:*.pbm=01;35:*.pgm=01;35:*.ppm=01;35:*.tga=01;35:*.xbm=01;35:*.xpm=01;35:*.tif=01;35:*.tiff=01;35:*.png=01;35:*.svg=01;35:*.svgz=01;35:*.mng=01;35:*.pcx=01;35:*.mov=01;35:*.mpg=01;35:*.mpeg=01;35:*.m2v=01;35:*.mkv=01;35:*.webm=01;35:*.ogm=01;35:*.mp4=01;35:*.m4v=01;35:*.mp4v=01;35:*.vob=01;35:*.qt=01;35:*.nuv=01;35:*.wmv=01;35:*.asf=01;35:*.rm=01;35:*.rmvb=01;35:*.flc=01;35:*.avi=01;35:*.fli=01;35:*.flv=01;35:*.gl=01;35:*.dl=01;35:*.xcf=01;35:*.xwd=01;35:*.yuv=01;35:*.cgm=01;35:*.emf=01;35:*.axv=01;35:*.anx=01;35:*.ogv=01;35:*.ogx=01;35:*.aac=00;36:*.au=00;36:*.flac=00;36:*.mid=00;36:*.midi=00;36:*.mka=00;36:*.mp3=00;36:*.mpc=00;36:*.ogg=00;36:*.ra=00;36:*.wav=00;36:*.axa=00;36:*.oga=00;36:*.spx=00;36:*.xspf=00;36:
XAUTHORITY=/root/.Xauthority
PREFIX=/opt/Nginx/1.8.0/Debian7/Linux/amd64
SHELL=/bin/bash
LESSCLOSE=/usr/bin/lesspipe %s %s
LC_ALL=C
PWD=/root/CUCINA/Cucina/RACCOLTA/NGINX/1.8.0
XTERM_LOCALE=it_IT.UTF-8
XTERM_VERSION=XTerm(278)

alias 


tar -xvf nginx-1.8.0.tar.gz

nginx-1.8.0/
nginx-1.8.0/auto/
nginx-1.8.0/conf/
nginx-1.8.0/contrib/
nginx-1.8.0/src/
nginx-1.8.0/configure
nginx-1.8.0/LICENSE
nginx-1.8.0/README
nginx-1.8.0/html/
nginx-1.8.0/man/
nginx-1.8.0/CHANGES.ru
nginx-1.8.0/CHANGES
nginx-1.8.0/man/nginx.8
nginx-1.8.0/html/50x.html
nginx-1.8.0/html/index.html
nginx-1.8.0/src/core/
nginx-1.8.0/src/event/
nginx-1.8.0/src/http/
nginx-1.8.0/src/mail/
nginx-1.8.0/src/misc/
nginx-1.8.0/src/os/
nginx-1.8.0/src/os/unix/
nginx-1.8.0/src/os/unix/ngx_aio_read_chain.c
nginx-1.8.0/src/os/unix/ngx_aio_read.c
nginx-1.8.0/src/os/unix/ngx_aio_write_chain.c
nginx-1.8.0/src/os/unix/ngx_aio_write.c
nginx-1.8.0/src/os/unix/ngx_atomic.h
nginx-1.8.0/src/os/unix/ngx_alloc.c
nginx-1.8.0/src/os/unix/ngx_alloc.h
nginx-1.8.0/src/os/unix/ngx_darwin_config.h
nginx-1.8.0/src/os/unix/ngx_channel.c
nginx-1.8.0/src/os/unix/ngx_channel.h
nginx-1.8.0/src/os/unix/ngx_daemon.c
nginx-1.8.0/src/os/unix/ngx_darwin.h
nginx-1.8.0/src/os/unix/ngx_darwin_sendfile_chain.c
nginx-1.8.0/src/os/unix/ngx_darwin_init.c
nginx-1.8.0/src/os/unix/ngx_file_aio_read.c
nginx-1.8.0/src/os/unix/ngx_errno.c
nginx-1.8.0/src/os/unix/ngx_errno.h
nginx-1.8.0/src/os/unix/ngx_freebsd.h
nginx-1.8.0/src/os/unix/ngx_files.c
nginx-1.8.0/src/os/unix/ngx_files.h
nginx-1.8.0/src/os/unix/ngx_freebsd_sendfile_chain.c
nginx-1.8.0/src/os/unix/ngx_freebsd_config.h
nginx-1.8.0/src/os/unix/ngx_freebsd_init.c
nginx-1.8.0/src/os/unix/ngx_gcc_atomic_sparc64.h
nginx-1.8.0/src/os/unix/ngx_gcc_atomic_amd64.h
nginx-1.8.0/src/os/unix/ngx_gcc_atomic_ppc.h
nginx-1.8.0/src/os/unix/ngx_linux_sendfile_chain.c
nginx-1.8.0/src/os/unix/ngx_gcc_atomic_x86.h
nginx-1.8.0/src/os/unix/ngx_linux.h
nginx-1.8.0/src/os/unix/ngx_linux_aio_read.c
nginx-1.8.0/src/os/unix/ngx_linux_config.h
nginx-1.8.0/src/os/unix/ngx_linux_init.c
nginx-1.8.0/src/os/unix/ngx_posix_config.h
nginx-1.8.0/src/os/unix/ngx_os.h
nginx-1.8.0/src/os/unix/ngx_solaris_config.h
nginx-1.8.0/src/os/unix/ngx_posix_init.c
nginx-1.8.0/src/os/unix/ngx_process.c
nginx-1.8.0/src/os/unix/ngx_process.h
nginx-1.8.0/src/os/unix/ngx_process_cycle.c
nginx-1.8.0/src/os/unix/ngx_process_cycle.h
nginx-1.8.0/src/os/unix/ngx_readv_chain.c
nginx-1.8.0/src/os/unix/ngx_recv.c
nginx-1.8.0/src/os/unix/ngx_send.c
nginx-1.8.0/src/os/unix/ngx_setaffinity.c
nginx-1.8.0/src/os/unix/ngx_setaffinity.h
nginx-1.8.0/src/os/unix/ngx_setproctitle.c
nginx-1.8.0/src/os/unix/ngx_setproctitle.h
nginx-1.8.0/src/os/unix/ngx_shmem.c
nginx-1.8.0/src/os/unix/ngx_shmem.h
nginx-1.8.0/src/os/unix/ngx_socket.c
nginx-1.8.0/src/os/unix/ngx_socket.h
nginx-1.8.0/src/os/unix/ngx_solaris.h
nginx-1.8.0/src/os/unix/ngx_solaris_init.c
nginx-1.8.0/src/os/unix/ngx_udp_recv.c
nginx-1.8.0/src/os/unix/ngx_time.c
nginx-1.8.0/src/os/unix/ngx_solaris_sendfilev_chain.c
nginx-1.8.0/src/os/unix/ngx_sunpro_amd64.il
nginx-1.8.0/src/os/unix/ngx_sunpro_atomic_sparc64.h
nginx-1.8.0/src/os/unix/ngx_sunpro_sparc64.il
nginx-1.8.0/src/os/unix/ngx_sunpro_x86.il
nginx-1.8.0/src/os/unix/ngx_thread.h
nginx-1.8.0/src/os/unix/ngx_thread_cond.c
nginx-1.8.0/src/os/unix/ngx_thread_id.c
nginx-1.8.0/src/os/unix/ngx_thread_mutex.c
nginx-1.8.0/src/os/unix/ngx_time.h
nginx-1.8.0/src/os/unix/ngx_writev_chain.c
nginx-1.8.0/src/os/unix/ngx_user.c
nginx-1.8.0/src/os/unix/ngx_user.h
nginx-1.8.0/src/misc/ngx_google_perftools_module.c
nginx-1.8.0/src/misc/ngx_cpp_test_module.cpp
nginx-1.8.0/src/mail/ngx_mail_handler.c
nginx-1.8.0/src/mail/ngx_mail.c
nginx-1.8.0/src/mail/ngx_mail.h
nginx-1.8.0/src/mail/ngx_mail_auth_http_module.c
nginx-1.8.0/src/mail/ngx_mail_core_module.c
nginx-1.8.0/src/mail/ngx_mail_imap_handler.c
nginx-1.8.0/src/mail/ngx_mail_imap_module.c
nginx-1.8.0/src/mail/ngx_mail_imap_module.h
nginx-1.8.0/src/mail/ngx_mail_parse.c
nginx-1.8.0/src/mail/ngx_mail_pop3_handler.c
nginx-1.8.0/src/mail/ngx_mail_pop3_module.c
nginx-1.8.0/src/mail/ngx_mail_pop3_module.h
nginx-1.8.0/src/mail/ngx_mail_proxy_module.c
nginx-1.8.0/src/mail/ngx_mail_smtp_handler.c
nginx-1.8.0/src/mail/ngx_mail_smtp_module.c
nginx-1.8.0/src/mail/ngx_mail_smtp_module.h
nginx-1.8.0/src/mail/ngx_mail_ssl_module.c
nginx-1.8.0/src/mail/ngx_mail_ssl_module.h
nginx-1.8.0/src/http/modules/
nginx-1.8.0/src/http/ngx_http_cache.h
nginx-1.8.0/src/http/ngx_http.c
nginx-1.8.0/src/http/ngx_http.h
nginx-1.8.0/src/http/ngx_http_core_module.c
nginx-1.8.0/src/http/ngx_http_config.h
nginx-1.8.0/src/http/ngx_http_postpone_filter_module.c
nginx-1.8.0/src/http/ngx_http_copy_filter_module.c
nginx-1.8.0/src/http/ngx_http_core_module.h
nginx-1.8.0/src/http/ngx_http_file_cache.c
nginx-1.8.0/src/http/ngx_http_header_filter_module.c
nginx-1.8.0/src/http/ngx_http_parse.c
nginx-1.8.0/src/http/ngx_http_parse_time.c
nginx-1.8.0/src/http/ngx_http_request.c
nginx-1.8.0/src/http/ngx_http_request.h
nginx-1.8.0/src/http/ngx_http_spdy_filter_module.c
nginx-1.8.0/src/http/ngx_http_request_body.c
nginx-1.8.0/src/http/ngx_http_script.c
nginx-1.8.0/src/http/ngx_http_script.h
nginx-1.8.0/src/http/ngx_http_spdy.c
nginx-1.8.0/src/http/ngx_http_spdy.h
nginx-1.8.0/src/http/ngx_http_special_response.c
nginx-1.8.0/src/http/ngx_http_spdy_module.c
nginx-1.8.0/src/http/ngx_http_spdy_module.h
nginx-1.8.0/src/http/ngx_http_variables.c
nginx-1.8.0/src/http/ngx_http_upstream.c
nginx-1.8.0/src/http/ngx_http_upstream.h
nginx-1.8.0/src/http/ngx_http_upstream_round_robin.c
nginx-1.8.0/src/http/ngx_http_upstream_round_robin.h
nginx-1.8.0/src/http/ngx_http_variables.h
nginx-1.8.0/src/http/ngx_http_write_filter_module.c
nginx-1.8.0/src/http/modules/ngx_http_addition_filter_module.c
nginx-1.8.0/src/http/modules/ngx_http_access_module.c
nginx-1.8.0/src/http/modules/ngx_http_charset_filter_module.c
nginx-1.8.0/src/http/modules/ngx_http_auth_basic_module.c
nginx-1.8.0/src/http/modules/ngx_http_auth_request_module.c
nginx-1.8.0/src/http/modules/ngx_http_autoindex_module.c
nginx-1.8.0/src/http/modules/ngx_http_browser_module.c
nginx-1.8.0/src/http/modules/ngx_http_not_modified_filter_module.c
nginx-1.8.0/src/http/modules/ngx_http_chunked_filter_module.c
nginx-1.8.0/src/http/modules/ngx_http_dav_module.c
nginx-1.8.0/src/http/modules/ngx_http_degradation_module.c
nginx-1.8.0/src/http/modules/ngx_http_empty_gif_module.c
nginx-1.8.0/src/http/modules/ngx_http_fastcgi_module.c
nginx-1.8.0/src/http/modules/ngx_http_flv_module.c
nginx-1.8.0/src/http/modules/ngx_http_geo_module.c
nginx-1.8.0/src/http/modules/ngx_http_geoip_module.c
nginx-1.8.0/src/http/modules/ngx_http_gunzip_filter_module.c
nginx-1.8.0/src/http/modules/ngx_http_gzip_filter_module.c
nginx-1.8.0/src/http/modules/ngx_http_gzip_static_module.c
nginx-1.8.0/src/http/modules/ngx_http_headers_filter_module.c
nginx-1.8.0/src/http/modules/ngx_http_image_filter_module.c
nginx-1.8.0/src/http/modules/ngx_http_index_module.c
nginx-1.8.0/src/http/modules/ngx_http_limit_conn_module.c
nginx-1.8.0/src/http/modules/ngx_http_limit_req_module.c
nginx-1.8.0/src/http/modules/ngx_http_log_module.c
nginx-1.8.0/src/http/modules/ngx_http_map_module.c
nginx-1.8.0/src/http/modules/ngx_http_memcached_module.c
nginx-1.8.0/src/http/modules/ngx_http_mp4_module.c
nginx-1.8.0/src/http/modules/ngx_http_random_index_module.c
nginx-1.8.0/src/http/modules/ngx_http_proxy_module.c
nginx-1.8.0/src/http/modules/ngx_http_upstream_ip_hash_module.c
nginx-1.8.0/src/http/modules/ngx_http_range_filter_module.c
nginx-1.8.0/src/http/modules/ngx_http_realip_module.c
nginx-1.8.0/src/http/modules/ngx_http_referer_module.c
nginx-1.8.0/src/http/modules/ngx_http_rewrite_module.c
nginx-1.8.0/src/http/modules/ngx_http_scgi_module.c
nginx-1.8.0/src/http/modules/ngx_http_secure_link_module.c
nginx-1.8.0/src/http/modules/ngx_http_split_clients_module.c
nginx-1.8.0/src/http/modules/ngx_http_ssi_filter_module.c
nginx-1.8.0/src/http/modules/perl/
nginx-1.8.0/src/http/modules/ngx_http_ssi_filter_module.h
nginx-1.8.0/src/http/modules/ngx_http_ssl_module.c
nginx-1.8.0/src/http/modules/ngx_http_ssl_module.h
nginx-1.8.0/src/http/modules/ngx_http_static_module.c
nginx-1.8.0/src/http/modules/ngx_http_stub_status_module.c
nginx-1.8.0/src/http/modules/ngx_http_sub_filter_module.c
nginx-1.8.0/src/http/modules/ngx_http_upstream_hash_module.c
nginx-1.8.0/src/http/modules/ngx_http_upstream_keepalive_module.c
nginx-1.8.0/src/http/modules/ngx_http_upstream_least_conn_module.c
nginx-1.8.0/src/http/modules/ngx_http_userid_filter_module.c
nginx-1.8.0/src/http/modules/ngx_http_uwsgi_module.c
nginx-1.8.0/src/http/modules/ngx_http_xslt_filter_module.c
nginx-1.8.0/src/http/modules/perl/Makefile.PL
nginx-1.8.0/src/http/modules/perl/nginx.pm
nginx-1.8.0/src/http/modules/perl/nginx.xs
nginx-1.8.0/src/http/modules/perl/typemap
nginx-1.8.0/src/http/modules/perl/ngx_http_perl_module.c
nginx-1.8.0/src/http/modules/perl/ngx_http_perl_module.h
nginx-1.8.0/src/event/modules/
nginx-1.8.0/src/event/ngx_event_accept.c
nginx-1.8.0/src/event/ngx_event.c
nginx-1.8.0/src/event/ngx_event.h
nginx-1.8.0/src/event/ngx_event_openssl_stapling.c
nginx-1.8.0/src/event/ngx_event_connect.c
nginx-1.8.0/src/event/ngx_event_connect.h
nginx-1.8.0/src/event/ngx_event_openssl.c
nginx-1.8.0/src/event/ngx_event_openssl.h
nginx-1.8.0/src/event/ngx_event_pipe.c
nginx-1.8.0/src/event/ngx_event_pipe.h
nginx-1.8.0/src/event/ngx_event_posted.c
nginx-1.8.0/src/event/ngx_event_posted.h
nginx-1.8.0/src/event/ngx_event_timer.c
nginx-1.8.0/src/event/ngx_event_timer.h
nginx-1.8.0/src/event/modules/ngx_devpoll_module.c
nginx-1.8.0/src/event/modules/ngx_aio_module.c
nginx-1.8.0/src/event/modules/ngx_eventport_module.c
nginx-1.8.0/src/event/modules/ngx_epoll_module.c
nginx-1.8.0/src/event/modules/ngx_win32_select_module.c
nginx-1.8.0/src/event/modules/ngx_kqueue_module.c
nginx-1.8.0/src/event/modules/ngx_poll_module.c
nginx-1.8.0/src/event/modules/ngx_rtsig_module.c
nginx-1.8.0/src/event/modules/ngx_select_module.c
nginx-1.8.0/src/core/ngx_array.c
nginx-1.8.0/src/core/nginx.c
nginx-1.8.0/src/core/nginx.h
nginx-1.8.0/src/core/ngx_conf_file.c
nginx-1.8.0/src/core/ngx_array.h
nginx-1.8.0/src/core/ngx_buf.c
nginx-1.8.0/src/core/ngx_buf.h
nginx-1.8.0/src/core/ngx_connection.c
nginx-1.8.0/src/core/ngx_conf_file.h
nginx-1.8.0/src/core/ngx_config.h
nginx-1.8.0/src/core/ngx_murmurhash.c
nginx-1.8.0/src/core/ngx_file.c
nginx-1.8.0/src/core/ngx_connection.h
nginx-1.8.0/src/core/ngx_core.h
nginx-1.8.0/src/core/ngx_cpuinfo.c
nginx-1.8.0/src/core/ngx_crc.h
nginx-1.8.0/src/core/ngx_crc32.c
nginx-1.8.0/src/core/ngx_crc32.h
nginx-1.8.0/src/core/ngx_crypt.c
nginx-1.8.0/src/core/ngx_crypt.h
nginx-1.8.0/src/core/ngx_cycle.c
nginx-1.8.0/src/core/ngx_cycle.h
nginx-1.8.0/src/core/ngx_file.h
nginx-1.8.0/src/core/ngx_hash.c
nginx-1.8.0/src/core/ngx_hash.h
nginx-1.8.0/src/core/ngx_inet.c
nginx-1.8.0/src/core/ngx_inet.h
nginx-1.8.0/src/core/ngx_list.c
nginx-1.8.0/src/core/ngx_list.h
nginx-1.8.0/src/core/ngx_log.c
nginx-1.8.0/src/core/ngx_log.h
nginx-1.8.0/src/core/ngx_md5.c
nginx-1.8.0/src/core/ngx_md5.h
nginx-1.8.0/src/core/ngx_open_file_cache.c
nginx-1.8.0/src/core/ngx_murmurhash.h
nginx-1.8.0/src/core/ngx_open_file_cache.h
nginx-1.8.0/src/core/ngx_output_chain.c
nginx-1.8.0/src/core/ngx_palloc.c
nginx-1.8.0/src/core/ngx_palloc.h
nginx-1.8.0/src/core/ngx_parse.c
nginx-1.8.0/src/core/ngx_parse.h
nginx-1.8.0/src/core/ngx_proxy_protocol.c
nginx-1.8.0/src/core/ngx_proxy_protocol.h
nginx-1.8.0/src/core/ngx_queue.c
nginx-1.8.0/src/core/ngx_queue.h
nginx-1.8.0/src/core/ngx_radix_tree.c
nginx-1.8.0/src/core/ngx_radix_tree.h
nginx-1.8.0/src/core/ngx_rbtree.c
nginx-1.8.0/src/core/ngx_rbtree.h
nginx-1.8.0/src/core/ngx_regex.c
nginx-1.8.0/src/core/ngx_regex.h
nginx-1.8.0/src/core/ngx_resolver.c
nginx-1.8.0/src/core/ngx_resolver.h
nginx-1.8.0/src/core/ngx_sha1.h
nginx-1.8.0/src/core/ngx_shmtx.c
nginx-1.8.0/src/core/ngx_shmtx.h
nginx-1.8.0/src/core/ngx_slab.c
nginx-1.8.0/src/core/ngx_slab.h
nginx-1.8.0/src/core/ngx_spinlock.c
nginx-1.8.0/src/core/ngx_string.c
nginx-1.8.0/src/core/ngx_string.h
nginx-1.8.0/src/core/ngx_syslog.c
nginx-1.8.0/src/core/ngx_syslog.h
nginx-1.8.0/src/core/ngx_thread_pool.c
nginx-1.8.0/src/core/ngx_thread_pool.h
nginx-1.8.0/src/core/ngx_times.c
nginx-1.8.0/src/core/ngx_times.h
nginx-1.8.0/contrib/geo2nginx.pl
nginx-1.8.0/contrib/README
nginx-1.8.0/contrib/unicode2nginx/
nginx-1.8.0/contrib/vim/
nginx-1.8.0/contrib/vim/ftdetect/
nginx-1.8.0/contrib/vim/indent/
nginx-1.8.0/contrib/vim/syntax/
nginx-1.8.0/contrib/vim/syntax/nginx.vim
nginx-1.8.0/contrib/vim/indent/nginx.vim
nginx-1.8.0/contrib/vim/ftdetect/nginx.vim
nginx-1.8.0/contrib/unicode2nginx/koi-utf
nginx-1.8.0/contrib/unicode2nginx/win-utf
nginx-1.8.0/contrib/unicode2nginx/unicode-to-nginx.pl
nginx-1.8.0/conf/fastcgi.conf
nginx-1.8.0/conf/fastcgi_params
nginx-1.8.0/conf/koi-utf
nginx-1.8.0/conf/koi-win
nginx-1.8.0/conf/mime.types
nginx-1.8.0/conf/nginx.conf
nginx-1.8.0/conf/scgi_params
nginx-1.8.0/conf/uwsgi_params
nginx-1.8.0/conf/win-utf
nginx-1.8.0/auto/cc/
nginx-1.8.0/auto/have_headers
nginx-1.8.0/auto/define
nginx-1.8.0/auto/endianness
nginx-1.8.0/auto/feature
nginx-1.8.0/auto/have
nginx-1.8.0/auto/lib/
nginx-1.8.0/auto/os/
nginx-1.8.0/auto/headers
nginx-1.8.0/auto/include
nginx-1.8.0/auto/init
nginx-1.8.0/auto/install
nginx-1.8.0/auto/types/
nginx-1.8.0/auto/make
nginx-1.8.0/auto/modules
nginx-1.8.0/auto/nohave
nginx-1.8.0/auto/options
nginx-1.8.0/auto/sources
nginx-1.8.0/auto/stubs
nginx-1.8.0/auto/summary
nginx-1.8.0/auto/threads
nginx-1.8.0/auto/unix
nginx-1.8.0/auto/types/uintptr_t
nginx-1.8.0/auto/types/sizeof
nginx-1.8.0/auto/types/typedef
nginx-1.8.0/auto/types/value
nginx-1.8.0/auto/os/conf
nginx-1.8.0/auto/os/darwin
nginx-1.8.0/auto/os/freebsd
nginx-1.8.0/auto/os/linux
nginx-1.8.0/auto/os/solaris
nginx-1.8.0/auto/os/win32
nginx-1.8.0/auto/lib/geoip/
nginx-1.8.0/auto/lib/conf
nginx-1.8.0/auto/lib/google-perftools/
nginx-1.8.0/auto/lib/libatomic/
nginx-1.8.0/auto/lib/libgd/
nginx-1.8.0/auto/lib/libxslt/
nginx-1.8.0/auto/lib/md5/
nginx-1.8.0/auto/lib/make
nginx-1.8.0/auto/lib/openssl/
nginx-1.8.0/auto/lib/pcre/
nginx-1.8.0/auto/lib/perl/
nginx-1.8.0/auto/lib/sha1/
nginx-1.8.0/auto/lib/zlib/
nginx-1.8.0/auto/lib/test
nginx-1.8.0/auto/lib/zlib/makefile.bcc
nginx-1.8.0/auto/lib/zlib/conf
nginx-1.8.0/auto/lib/zlib/make
nginx-1.8.0/auto/lib/zlib/makefile.msvc
nginx-1.8.0/auto/lib/zlib/makefile.owc
nginx-1.8.0/auto/lib/sha1/makefile.bcc
nginx-1.8.0/auto/lib/sha1/conf
nginx-1.8.0/auto/lib/sha1/make
nginx-1.8.0/auto/lib/sha1/makefile.msvc
nginx-1.8.0/auto/lib/sha1/makefile.owc
nginx-1.8.0/auto/lib/perl/conf
nginx-1.8.0/auto/lib/perl/make
nginx-1.8.0/auto/lib/pcre/makefile.bcc
nginx-1.8.0/auto/lib/pcre/conf
nginx-1.8.0/auto/lib/pcre/make
nginx-1.8.0/auto/lib/pcre/makefile.msvc
nginx-1.8.0/auto/lib/pcre/makefile.owc
nginx-1.8.0/auto/lib/openssl/makefile.bcc
nginx-1.8.0/auto/lib/openssl/conf
nginx-1.8.0/auto/lib/openssl/make
nginx-1.8.0/auto/lib/openssl/makefile.msvc
nginx-1.8.0/auto/lib/md5/makefile.bcc
nginx-1.8.0/auto/lib/md5/conf
nginx-1.8.0/auto/lib/md5/make
nginx-1.8.0/auto/lib/md5/makefile.msvc
nginx-1.8.0/auto/lib/md5/makefile.owc
nginx-1.8.0/auto/lib/libxslt/conf
nginx-1.8.0/auto/lib/libgd/conf
nginx-1.8.0/auto/lib/libatomic/conf
nginx-1.8.0/auto/lib/libatomic/make
nginx-1.8.0/auto/lib/google-perftools/conf
nginx-1.8.0/auto/lib/geoip/conf
nginx-1.8.0/auto/cc/clang
nginx-1.8.0/auto/cc/acc
nginx-1.8.0/auto/cc/bcc
nginx-1.8.0/auto/cc/ccc
nginx-1.8.0/auto/cc/conf
nginx-1.8.0/auto/cc/gcc
nginx-1.8.0/auto/cc/icc
nginx-1.8.0/auto/cc/msvc
nginx-1.8.0/auto/cc/name
nginx-1.8.0/auto/cc/owc
nginx-1.8.0/auto/cc/sunc

configure --prefix=/opt/Nginx/1.8.0/Debian7/Linux/amd64 --user=nobody --group=nogroup --with-http_ssl_module --with-ipv6 --with-http_degradation_module --with-http_gzip_static_module --with-http_gunzip_module --with-http_spdy_module --with-http_realip_module --with-http_stub_status_module --with-http_dav_module

checking for OS
 + Linux 3.16.0-0.bpo.4-amd64 x86_64
checking for C compiler ... found
 + using GNU C compiler
 + gcc version: 4.7.2 (Debian 4.7.2-5) 
checking for gcc -pipe switch ... found
checking for gcc builtin atomic operations ... found
checking for C99 variadic macros ... found
checking for gcc variadic macros ... found
checking for unistd.h ... found
checking for inttypes.h ... found
checking for limits.h ... found
checking for sys/filio.h ... not found
checking for sys/param.h ... found
checking for sys/mount.h ... found
checking for sys/statvfs.h ... found
checking for crypt.h ... found
checking for Linux specific features
checking for epoll ... found
checking for EPOLLRDHUP ... found
checking for O_PATH ... not found
checking for sendfile() ... found
checking for sendfile64() ... found
checking for sys/prctl.h ... found
checking for prctl(PR_SET_DUMPABLE) ... found
checking for sched_setaffinity() ... found
checking for crypt_r() ... found
checking for sys/vfs.h ... found
checking for poll() ... found
checking for /dev/poll ... not found
checking for kqueue ... not found
checking for crypt() ... not found
checking for crypt() in libcrypt ... found
checking for F_READAHEAD ... not found
checking for posix_fadvise() ... found
checking for O_DIRECT ... found
checking for F_NOCACHE ... not found
checking for directio() ... not found
checking for statfs() ... found
checking for statvfs() ... found
checking for dlopen() ... not found
checking for dlopen() in libdl ... found
checking for sched_yield() ... found
checking for SO_SETFIB ... not found
checking for SO_ACCEPTFILTER ... not found
checking for TCP_DEFER_ACCEPT ... found
checking for TCP_KEEPIDLE ... found
checking for TCP_FASTOPEN ... not found
checking for TCP_INFO ... found
checking for accept4() ... found
checking for eventfd() ... found
checking for int size ... 4 bytes
checking for long size ... 8 bytes
checking for long long size ... 8 bytes
checking for void * size ... 8 bytes
checking for uint64_t ... found
checking for sig_atomic_t ... found
checking for sig_atomic_t size ... 4 bytes
checking for socklen_t ... found
checking for in_addr_t ... found
checking for in_port_t ... found
checking for rlim_t ... found
checking for uintptr_t ... uintptr_t found
checking for system byte ordering ... little endian
checking for size_t size ... 8 bytes
checking for off_t size ... 8 bytes
checking for time_t size ... 8 bytes
checking for AF_INET6 ... found
checking for setproctitle() ... not found
checking for pread() ... found
checking for pwrite() ... found
checking for sys_nerr ... found
checking for localtime_r() ... found
checking for posix_memalign() ... found
checking for memalign() ... found
checking for mmap(MAP_ANON|MAP_SHARED) ... found
checking for mmap("/dev/zero", MAP_SHARED) ... found
checking for System V shared memory ... found
checking for POSIX semaphores ... not found
checking for POSIX semaphores in libpthread ... found
checking for struct msghdr.msg_control ... found
checking for ioctl(FIONBIO) ... found
checking for struct tm.tm_gmtoff ... found
checking for struct dirent.d_namlen ... not found
checking for struct dirent.d_type ... found
checking for sysconf(_SC_NPROCESSORS_ONLN) ... found
checking for openat(), fstatat() ... found
checking for getaddrinfo() ... found
checking for PCRE library ... found
checking for PCRE JIT support ... found
checking for OpenSSL library ... found
checking for zlib library ... found
creating objs/Makefile

Configuration summary
  + using system PCRE library
  + using system OpenSSL library
  + md5: using OpenSSL library
  + sha1: using OpenSSL library
  + using system zlib library

  nginx path prefix: "/opt/Nginx/1.8.0/Debian7/Linux/amd64"
  nginx binary file: "/opt/Nginx/1.8.0/Debian7/Linux/amd64/sbin/nginx"
  nginx configuration prefix: "/opt/Nginx/1.8.0/Debian7/Linux/amd64/conf"
  nginx configuration file: "/opt/Nginx/1.8.0/Debian7/Linux/amd64/conf/nginx.conf"
  nginx pid file: "/opt/Nginx/1.8.0/Debian7/Linux/amd64/logs/nginx.pid"
  nginx error log file: "/opt/Nginx/1.8.0/Debian7/Linux/amd64/logs/error.log"
  nginx http access log file: "/opt/Nginx/1.8.0/Debian7/Linux/amd64/logs/access.log"
  nginx http client request body temporary files: "client_body_temp"
  nginx http proxy temporary files: "proxy_temp"
  nginx http fastcgi temporary files: "fastcgi_temp"
  nginx http uwsgi temporary files: "uwsgi_temp"
  nginx http scgi temporary files: "scgi_temp"


nginx.pre-cook


make

make -f objs/Makefile
make[1]: Entering directory `/root/CUCINA/Cucina/RACCOLTA/NGINX/1.8.0/nginx-1.8.0'
cc -c -pipe  -O -W -Wall -Wpointer-arith -Wno-unused-parameter -Werror -g  -I src/core -I src/event -I src/event/modules -I src/os/unix -I objs \
		-o objs/src/core/nginx.o \
		src/core/nginx.c
cc -c -pipe  -O -W -Wall -Wpointer-arith -Wno-unused-parameter -Werror -g  -I src/core -I src/event -I src/event/modules -I src/os/unix -I objs \
		-o objs/src/core/ngx_log.o \
		src/core/ngx_log.c
cc -c -pipe  -O -W -Wall -Wpointer-arith -Wno-unused-parameter -Werror -g  -I src/core -I src/event -I src/event/modules -I src/os/unix -I objs \
		-o objs/src/core/ngx_palloc.o \
		src/core/ngx_palloc.c
cc -c -pipe  -O -W -Wall -Wpointer-arith -Wno-unused-parameter -Werror -g  -I src/core -I src/event -I src/event/modules -I src/os/unix -I objs \
		-o objs/src/core/ngx_array.o \
		src/core/ngx_array.c
cc -c -pipe  -O -W -Wall -Wpointer-arith -Wno-unused-parameter -Werror -g  -I src/core -I src/event -I src/event/modules -I src/os/unix -I objs \
		-o objs/src/core/ngx_list.o \
		src/core/ngx_list.c
cc -c -pipe  -O -W -Wall -Wpointer-arith -Wno-unused-parameter -Werror -g  -I src/core -I src/event -I src/event/modules -I src/os/unix -I objs \
		-o objs/src/core/ngx_hash.o \
		src/core/ngx_hash.c
cc -c -pipe  -O -W -Wall -Wpointer-arith -Wno-unused-parameter -Werror -g  -I src/core -I src/event -I src/event/modules -I src/os/unix -I objs \
		-o objs/src/core/ngx_buf.o \
		src/core/ngx_buf.c
cc -c -pipe  -O -W -Wall -Wpointer-arith -Wno-unused-parameter -Werror -g  -I src/core -I src/event -I src/event/modules -I src/os/unix -I objs \
		-o objs/src/core/ngx_queue.o \
		src/core/ngx_queue.c
cc -c -pipe  -O -W -Wall -Wpointer-arith -Wno-unused-parameter -Werror -g  -I src/core -I src/event -I src/event/modules -I src/os/unix -I objs \
		-o objs/src/core/ngx_output_chain.o \
		src/core/ngx_output_chain.c
cc -c -pipe  -O -W -Wall -Wpointer-arith -Wno-unused-parameter -Werror -g  -I src/core -I src/event -I src/event/modules -I src/os/unix -I objs \
		-o objs/src/core/ngx_string.o \
		src/core/ngx_string.c
cc -c -pipe  -O -W -Wall -Wpointer-arith -Wno-unused-parameter -Werror -g  -I src/core -I src/event -I src/event/modules -I src/os/unix -I objs \
		-o objs/src/core/ngx_parse.o \
		src/core/ngx_parse.c
cc -c -pipe  -O -W -Wall -Wpointer-arith -Wno-unused-parameter -Werror -g  -I src/core -I src/event -I src/event/modules -I src/os/unix -I objs \
		-o objs/src/core/ngx_inet.o \
		src/core/ngx_inet.c
cc -c -pipe  -O -W -Wall -Wpointer-arith -Wno-unused-parameter -Werror -g  -I src/core -I src/event -I src/event/modules -I src/os/unix -I objs \
		-o objs/src/core/ngx_file.o \
		src/core/ngx_file.c
cc -c -pipe  -O -W -Wall -Wpointer-arith -Wno-unused-parameter -Werror -g  -I src/core -I src/event -I src/event/modules -I src/os/unix -I objs \
		-o objs/src/core/ngx_crc32.o \
		src/core/ngx_crc32.c
cc -c -pipe  -O -W -Wall -Wpointer-arith -Wno-unused-parameter -Werror -g  -I src/core -I src/event -I src/event/modules -I src/os/unix -I objs \
		-o objs/src/core/ngx_murmurhash.o \
		src/core/ngx_murmurhash.c
cc -c -pipe  -O -W -Wall -Wpointer-arith -Wno-unused-parameter -Werror -g  -I src/core -I src/event -I src/event/modules -I src/os/unix -I objs \
		-o objs/src/core/ngx_md5.o \
		src/core/ngx_md5.c
cc -c -pipe  -O -W -Wall -Wpointer-arith -Wno-unused-parameter -Werror -g  -I src/core -I src/event -I src/event/modules -I src/os/unix -I objs \
		-o objs/src/core/ngx_rbtree.o \
		src/core/ngx_rbtree.c
cc -c -pipe  -O -W -Wall -Wpointer-arith -Wno-unused-parameter -Werror -g  -I src/core -I src/event -I src/event/modules -I src/os/unix -I objs \
		-o objs/src/core/ngx_radix_tree.o \
		src/core/ngx_radix_tree.c
cc -c -pipe  -O -W -Wall -Wpointer-arith -Wno-unused-parameter -Werror -g  -I src/core -I src/event -I src/event/modules -I src/os/unix -I objs \
		-o objs/src/core/ngx_slab.o \
		src/core/ngx_slab.c
cc -c -pipe  -O -W -Wall -Wpointer-arith -Wno-unused-parameter -Werror -g  -I src/core -I src/event -I src/event/modules -I src/os/unix -I objs \
		-o objs/src/core/ngx_times.o \
		src/core/ngx_times.c
cc -c -pipe  -O -W -Wall -Wpointer-arith -Wno-unused-parameter -Werror -g  -I src/core -I src/event -I src/event/modules -I src/os/unix -I objs \
		-o objs/src/core/ngx_shmtx.o \
		src/core/ngx_shmtx.c
cc -c -pipe  -O -W -Wall -Wpointer-arith -Wno-unused-parameter -Werror -g  -I src/core -I src/event -I src/event/modules -I src/os/unix -I objs \
		-o objs/src/core/ngx_connection.o \
		src/core/ngx_connection.c
cc -c -pipe  -O -W -Wall -Wpointer-arith -Wno-unused-parameter -Werror -g  -I src/core -I src/event -I src/event/modules -I src/os/unix -I objs \
		-o objs/src/core/ngx_cycle.o \
		src/core/ngx_cycle.c
cc -c -pipe  -O -W -Wall -Wpointer-arith -Wno-unused-parameter -Werror -g  -I src/core -I src/event -I src/event/modules -I src/os/unix -I objs \
		-o objs/src/core/ngx_spinlock.o \
		src/core/ngx_spinlock.c
cc -c -pipe  -O -W -Wall -Wpointer-arith -Wno-unused-parameter -Werror -g  -I src/core -I src/event -I src/event/modules -I src/os/unix -I objs \
		-o objs/src/core/ngx_cpuinfo.o \
		src/core/ngx_cpuinfo.c
cc -c -pipe  -O -W -Wall -Wpointer-arith -Wno-unused-parameter -Werror -g  -I src/core -I src/event -I src/event/modules -I src/os/unix -I objs \
		-o objs/src/core/ngx_conf_file.o \
		src/core/ngx_conf_file.c
cc -c -pipe  -O -W -Wall -Wpointer-arith -Wno-unused-parameter -Werror -g  -I src/core -I src/event -I src/event/modules -I src/os/unix -I objs \
		-o objs/src/core/ngx_resolver.o \
		src/core/ngx_resolver.c
cc -c -pipe  -O -W -Wall -Wpointer-arith -Wno-unused-parameter -Werror -g  -I src/core -I src/event -I src/event/modules -I src/os/unix -I objs \
		-o objs/src/core/ngx_open_file_cache.o \
		src/core/ngx_open_file_cache.c
cc -c -pipe  -O -W -Wall -Wpointer-arith -Wno-unused-parameter -Werror -g  -I src/core -I src/event -I src/event/modules -I src/os/unix -I objs \
		-o objs/src/core/ngx_crypt.o \
		src/core/ngx_crypt.c
cc -c -pipe  -O -W -Wall -Wpointer-arith -Wno-unused-parameter -Werror -g  -I src/core -I src/event -I src/event/modules -I src/os/unix -I objs \
		-o objs/src/core/ngx_proxy_protocol.o \
		src/core/ngx_proxy_protocol.c
cc -c -pipe  -O -W -Wall -Wpointer-arith -Wno-unused-parameter -Werror -g  -I src/core -I src/event -I src/event/modules -I src/os/unix -I objs \
		-o objs/src/core/ngx_syslog.o \
		src/core/ngx_syslog.c
cc -c -pipe  -O -W -Wall -Wpointer-arith -Wno-unused-parameter -Werror -g  -I src/core -I src/event -I src/event/modules -I src/os/unix -I objs \
		-o objs/src/event/ngx_event.o \
		src/event/ngx_event.c
cc -c -pipe  -O -W -Wall -Wpointer-arith -Wno-unused-parameter -Werror -g  -I src/core -I src/event -I src/event/modules -I src/os/unix -I objs \
		-o objs/src/event/ngx_event_timer.o \
		src/event/ngx_event_timer.c
cc -c -pipe  -O -W -Wall -Wpointer-arith -Wno-unused-parameter -Werror -g  -I src/core -I src/event -I src/event/modules -I src/os/unix -I objs \
		-o objs/src/event/ngx_event_posted.o \
		src/event/ngx_event_posted.c
cc -c -pipe  -O -W -Wall -Wpointer-arith -Wno-unused-parameter -Werror -g  -I src/core -I src/event -I src/event/modules -I src/os/unix -I objs \
		-o objs/src/event/ngx_event_accept.o \
		src/event/ngx_event_accept.c
cc -c -pipe  -O -W -Wall -Wpointer-arith -Wno-unused-parameter -Werror -g  -I src/core -I src/event -I src/event/modules -I src/os/unix -I objs \
		-o objs/src/event/ngx_event_connect.o \
		src/event/ngx_event_connect.c
cc -c -pipe  -O -W -Wall -Wpointer-arith -Wno-unused-parameter -Werror -g  -I src/core -I src/event -I src/event/modules -I src/os/unix -I objs \
		-o objs/src/event/ngx_event_pipe.o \
		src/event/ngx_event_pipe.c
cc -c -pipe  -O -W -Wall -Wpointer-arith -Wno-unused-parameter -Werror -g  -I src/core -I src/event -I src/event/modules -I src/os/unix -I objs \
		-o objs/src/os/unix/ngx_time.o \
		src/os/unix/ngx_time.c
cc -c -pipe  -O -W -Wall -Wpointer-arith -Wno-unused-parameter -Werror -g  -I src/core -I src/event -I src/event/modules -I src/os/unix -I objs \
		-o objs/src/os/unix/ngx_errno.o \
		src/os/unix/ngx_errno.c
cc -c -pipe  -O -W -Wall -Wpointer-arith -Wno-unused-parameter -Werror -g  -I src/core -I src/event -I src/event/modules -I src/os/unix -I objs \
		-o objs/src/os/unix/ngx_alloc.o \
		src/os/unix/ngx_alloc.c
cc -c -pipe  -O -W -Wall -Wpointer-arith -Wno-unused-parameter -Werror -g  -I src/core -I src/event -I src/event/modules -I src/os/unix -I objs \
		-o objs/src/os/unix/ngx_files.o \
		src/os/unix/ngx_files.c
cc -c -pipe  -O -W -Wall -Wpointer-arith -Wno-unused-parameter -Werror -g  -I src/core -I src/event -I src/event/modules -I src/os/unix -I objs \
		-o objs/src/os/unix/ngx_socket.o \
		src/os/unix/ngx_socket.c
cc -c -pipe  -O -W -Wall -Wpointer-arith -Wno-unused-parameter -Werror -g  -I src/core -I src/event -I src/event/modules -I src/os/unix -I objs \
		-o objs/src/os/unix/ngx_recv.o \
		src/os/unix/ngx_recv.c
cc -c -pipe  -O -W -Wall -Wpointer-arith -Wno-unused-parameter -Werror -g  -I src/core -I src/event -I src/event/modules -I src/os/unix -I objs \
		-o objs/src/os/unix/ngx_readv_chain.o \
		src/os/unix/ngx_readv_chain.c
cc -c -pipe  -O -W -Wall -Wpointer-arith -Wno-unused-parameter -Werror -g  -I src/core -I src/event -I src/event/modules -I src/os/unix -I objs \
		-o objs/src/os/unix/ngx_udp_recv.o \
		src/os/unix/ngx_udp_recv.c
cc -c -pipe  -O -W -Wall -Wpointer-arith -Wno-unused-parameter -Werror -g  -I src/core -I src/event -I src/event/modules -I src/os/unix -I objs \
		-o objs/src/os/unix/ngx_send.o \
		src/os/unix/ngx_send.c
cc -c -pipe  -O -W -Wall -Wpointer-arith -Wno-unused-parameter -Werror -g  -I src/core -I src/event -I src/event/modules -I src/os/unix -I objs \
		-o objs/src/os/unix/ngx_writev_chain.o \
		src/os/unix/ngx_writev_chain.c
cc -c -pipe  -O -W -Wall -Wpointer-arith -Wno-unused-parameter -Werror -g  -I src/core -I src/event -I src/event/modules -I src/os/unix -I objs \
		-o objs/src/os/unix/ngx_channel.o \
		src/os/unix/ngx_channel.c
cc -c -pipe  -O -W -Wall -Wpointer-arith -Wno-unused-parameter -Werror -g  -I src/core -I src/event -I src/event/modules -I src/os/unix -I objs \
		-o objs/src/os/unix/ngx_shmem.o \
		src/os/unix/ngx_shmem.c
cc -c -pipe  -O -W -Wall -Wpointer-arith -Wno-unused-parameter -Werror -g  -I src/core -I src/event -I src/event/modules -I src/os/unix -I objs \
		-o objs/src/os/unix/ngx_process.o \
		src/os/unix/ngx_process.c
cc -c -pipe  -O -W -Wall -Wpointer-arith -Wno-unused-parameter -Werror -g  -I src/core -I src/event -I src/event/modules -I src/os/unix -I objs \
		-o objs/src/os/unix/ngx_daemon.o \
		src/os/unix/ngx_daemon.c
cc -c -pipe  -O -W -Wall -Wpointer-arith -Wno-unused-parameter -Werror -g  -I src/core -I src/event -I src/event/modules -I src/os/unix -I objs \
		-o objs/src/os/unix/ngx_setaffinity.o \
		src/os/unix/ngx_setaffinity.c
cc -c -pipe  -O -W -Wall -Wpointer-arith -Wno-unused-parameter -Werror -g  -I src/core -I src/event -I src/event/modules -I src/os/unix -I objs \
		-o objs/src/os/unix/ngx_setproctitle.o \
		src/os/unix/ngx_setproctitle.c
cc -c -pipe  -O -W -Wall -Wpointer-arith -Wno-unused-parameter -Werror -g  -I src/core -I src/event -I src/event/modules -I src/os/unix -I objs \
		-o objs/src/os/unix/ngx_posix_init.o \
		src/os/unix/ngx_posix_init.c
cc -c -pipe  -O -W -Wall -Wpointer-arith -Wno-unused-parameter -Werror -g  -I src/core -I src/event -I src/event/modules -I src/os/unix -I objs \
		-o objs/src/os/unix/ngx_user.o \
		src/os/unix/ngx_user.c
cc -c -pipe  -O -W -Wall -Wpointer-arith -Wno-unused-parameter -Werror -g  -I src/core -I src/event -I src/event/modules -I src/os/unix -I objs \
		-o objs/src/os/unix/ngx_process_cycle.o \
		src/os/unix/ngx_process_cycle.c
cc -c -pipe  -O -W -Wall -Wpointer-arith -Wno-unused-parameter -Werror -g  -I src/core -I src/event -I src/event/modules -I src/os/unix -I objs \
		-o objs/src/os/unix/ngx_linux_init.o \
		src/os/unix/ngx_linux_init.c
cc -c -pipe  -O -W -Wall -Wpointer-arith -Wno-unused-parameter -Werror -g  -I src/core -I src/event -I src/event/modules -I src/os/unix -I objs \
		-o objs/src/event/modules/ngx_epoll_module.o \
		src/event/modules/ngx_epoll_module.c
cc -c -pipe  -O -W -Wall -Wpointer-arith -Wno-unused-parameter -Werror -g  -I src/core -I src/event -I src/event/modules -I src/os/unix -I objs \
		-o objs/src/os/unix/ngx_linux_sendfile_chain.o \
		src/os/unix/ngx_linux_sendfile_chain.c
cc -c -pipe  -O -W -Wall -Wpointer-arith -Wno-unused-parameter -Werror -g  -I src/core -I src/event -I src/event/modules -I src/os/unix -I objs \
		-o objs/src/event/ngx_event_openssl.o \
		src/event/ngx_event_openssl.c
cc -c -pipe  -O -W -Wall -Wpointer-arith -Wno-unused-parameter -Werror -g  -I src/core -I src/event -I src/event/modules -I src/os/unix -I objs \
		-o objs/src/event/ngx_event_openssl_stapling.o \
		src/event/ngx_event_openssl_stapling.c
cc -c -pipe  -O -W -Wall -Wpointer-arith -Wno-unused-parameter -Werror -g  -I src/core -I src/event -I src/event/modules -I src/os/unix -I objs \
		-o objs/src/core/ngx_regex.o \
		src/core/ngx_regex.c
cc -c -pipe  -O -W -Wall -Wpointer-arith -Wno-unused-parameter -Werror -g  -I src/core -I src/event -I src/event/modules -I src/os/unix -I objs -I src/http -I src/http/modules \
		-o objs/src/http/ngx_http.o \
		src/http/ngx_http.c
cc -c -pipe  -O -W -Wall -Wpointer-arith -Wno-unused-parameter -Werror -g  -I src/core -I src/event -I src/event/modules -I src/os/unix -I objs -I src/http -I src/http/modules \
		-o objs/src/http/ngx_http_core_module.o \
		src/http/ngx_http_core_module.c
cc -c -pipe  -O -W -Wall -Wpointer-arith -Wno-unused-parameter -Werror -g  -I src/core -I src/event -I src/event/modules -I src/os/unix -I objs -I src/http -I src/http/modules \
		-o objs/src/http/ngx_http_special_response.o \
		src/http/ngx_http_special_response.c
cc -c -pipe  -O -W -Wall -Wpointer-arith -Wno-unused-parameter -Werror -g  -I src/core -I src/event -I src/event/modules -I src/os/unix -I objs -I src/http -I src/http/modules \
		-o objs/src/http/ngx_http_request.o \
		src/http/ngx_http_request.c
cc -c -pipe  -O -W -Wall -Wpointer-arith -Wno-unused-parameter -Werror -g  -I src/core -I src/event -I src/event/modules -I src/os/unix -I objs -I src/http -I src/http/modules \
		-o objs/src/http/ngx_http_parse.o \
		src/http/ngx_http_parse.c
cc -c -pipe  -O -W -Wall -Wpointer-arith -Wno-unused-parameter -Werror -g  -I src/core -I src/event -I src/event/modules -I src/os/unix -I objs -I src/http -I src/http/modules \
		-o objs/src/http/ngx_http_header_filter_module.o \
		src/http/ngx_http_header_filter_module.c
cc -c -pipe  -O -W -Wall -Wpointer-arith -Wno-unused-parameter -Werror -g  -I src/core -I src/event -I src/event/modules -I src/os/unix -I objs -I src/http -I src/http/modules \
		-o objs/src/http/ngx_http_write_filter_module.o \
		src/http/ngx_http_write_filter_module.c
cc -c -pipe  -O -W -Wall -Wpointer-arith -Wno-unused-parameter -Werror -g  -I src/core -I src/event -I src/event/modules -I src/os/unix -I objs -I src/http -I src/http/modules \
		-o objs/src/http/ngx_http_copy_filter_module.o \
		src/http/ngx_http_copy_filter_module.c
cc -c -pipe  -O -W -Wall -Wpointer-arith -Wno-unused-parameter -Werror -g  -I src/core -I src/event -I src/event/modules -I src/os/unix -I objs -I src/http -I src/http/modules \
		-o objs/src/http/modules/ngx_http_log_module.o \
		src/http/modules/ngx_http_log_module.c
cc -c -pipe  -O -W -Wall -Wpointer-arith -Wno-unused-parameter -Werror -g  -I src/core -I src/event -I src/event/modules -I src/os/unix -I objs -I src/http -I src/http/modules \
		-o objs/src/http/ngx_http_request_body.o \
		src/http/ngx_http_request_body.c
cc -c -pipe  -O -W -Wall -Wpointer-arith -Wno-unused-parameter -Werror -g  -I src/core -I src/event -I src/event/modules -I src/os/unix -I objs -I src/http -I src/http/modules \
		-o objs/src/http/ngx_http_variables.o \
		src/http/ngx_http_variables.c
cc -c -pipe  -O -W -Wall -Wpointer-arith -Wno-unused-parameter -Werror -g  -I src/core -I src/event -I src/event/modules -I src/os/unix -I objs -I src/http -I src/http/modules \
		-o objs/src/http/ngx_http_script.o \
		src/http/ngx_http_script.c
cc -c -pipe  -O -W -Wall -Wpointer-arith -Wno-unused-parameter -Werror -g  -I src/core -I src/event -I src/event/modules -I src/os/unix -I objs -I src/http -I src/http/modules \
		-o objs/src/http/ngx_http_upstream.o \
		src/http/ngx_http_upstream.c
cc -c -pipe  -O -W -Wall -Wpointer-arith -Wno-unused-parameter -Werror -g  -I src/core -I src/event -I src/event/modules -I src/os/unix -I objs -I src/http -I src/http/modules \
		-o objs/src/http/ngx_http_upstream_round_robin.o \
		src/http/ngx_http_upstream_round_robin.c
cc -c -pipe  -O -W -Wall -Wpointer-arith -Wno-unused-parameter -Werror -g  -I src/core -I src/event -I src/event/modules -I src/os/unix -I objs -I src/http -I src/http/modules \
		-o objs/src/http/ngx_http_parse_time.o \
		src/http/ngx_http_parse_time.c
cc -c -pipe  -O -W -Wall -Wpointer-arith -Wno-unused-parameter -Werror -g  -I src/core -I src/event -I src/event/modules -I src/os/unix -I objs -I src/http -I src/http/modules \
		-o objs/src/http/modules/ngx_http_static_module.o \
		src/http/modules/ngx_http_static_module.c
cc -c -pipe  -O -W -Wall -Wpointer-arith -Wno-unused-parameter -Werror -g  -I src/core -I src/event -I src/event/modules -I src/os/unix -I objs -I src/http -I src/http/modules \
		-o objs/src/http/modules/ngx_http_index_module.o \
		src/http/modules/ngx_http_index_module.c
cc -c -pipe  -O -W -Wall -Wpointer-arith -Wno-unused-parameter -Werror -g  -I src/core -I src/event -I src/event/modules -I src/os/unix -I objs -I src/http -I src/http/modules \
		-o objs/src/http/modules/ngx_http_chunked_filter_module.o \
		src/http/modules/ngx_http_chunked_filter_module.c
cc -c -pipe  -O -W -Wall -Wpointer-arith -Wno-unused-parameter -Werror -g  -I src/core -I src/event -I src/event/modules -I src/os/unix -I objs -I src/http -I src/http/modules \
		-o objs/src/http/modules/ngx_http_range_filter_module.o \
		src/http/modules/ngx_http_range_filter_module.c
cc -c -pipe  -O -W -Wall -Wpointer-arith -Wno-unused-parameter -Werror -g  -I src/core -I src/event -I src/event/modules -I src/os/unix -I objs -I src/http -I src/http/modules \
		-o objs/src/http/modules/ngx_http_headers_filter_module.o \
		src/http/modules/ngx_http_headers_filter_module.c
cc -c -pipe  -O -W -Wall -Wpointer-arith -Wno-unused-parameter -Werror -g  -I src/core -I src/event -I src/event/modules -I src/os/unix -I objs -I src/http -I src/http/modules \
		-o objs/src/http/modules/ngx_http_not_modified_filter_module.o \
		src/http/modules/ngx_http_not_modified_filter_module.c
cc -c -pipe  -O -W -Wall -Wpointer-arith -Wno-unused-parameter -Werror -g  -I src/core -I src/event -I src/event/modules -I src/os/unix -I objs -I src/http -I src/http/modules \
		-o objs/src/http/ngx_http_file_cache.o \
		src/http/ngx_http_file_cache.c
cc -c -pipe  -O -W -Wall -Wpointer-arith -Wno-unused-parameter -Werror -g  -I src/core -I src/event -I src/event/modules -I src/os/unix -I objs -I src/http -I src/http/modules \
		-o objs/src/http/modules/ngx_http_gzip_filter_module.o \
		src/http/modules/ngx_http_gzip_filter_module.c
cc -c -pipe  -O -W -Wall -Wpointer-arith -Wno-unused-parameter -Werror -g  -I src/core -I src/event -I src/event/modules -I src/os/unix -I objs -I src/http -I src/http/modules \
		-o objs/src/http/ngx_http_postpone_filter_module.o \
		src/http/ngx_http_postpone_filter_module.c
cc -c -pipe  -O -W -Wall -Wpointer-arith -Wno-unused-parameter -Werror -g  -I src/core -I src/event -I src/event/modules -I src/os/unix -I objs -I src/http -I src/http/modules \
		-o objs/src/http/modules/ngx_http_ssi_filter_module.o \
		src/http/modules/ngx_http_ssi_filter_module.c
cc -c -pipe  -O -W -Wall -Wpointer-arith -Wno-unused-parameter -Werror -g  -I src/core -I src/event -I src/event/modules -I src/os/unix -I objs -I src/http -I src/http/modules \
		-o objs/src/http/modules/ngx_http_charset_filter_module.o \
		src/http/modules/ngx_http_charset_filter_module.c
cc -c -pipe  -O -W -Wall -Wpointer-arith -Wno-unused-parameter -Werror -g  -I src/core -I src/event -I src/event/modules -I src/os/unix -I objs -I src/http -I src/http/modules \
		-o objs/src/http/modules/ngx_http_gunzip_filter_module.o \
		src/http/modules/ngx_http_gunzip_filter_module.c
cc -c -pipe  -O -W -Wall -Wpointer-arith -Wno-unused-parameter -Werror -g  -I src/core -I src/event -I src/event/modules -I src/os/unix -I objs -I src/http -I src/http/modules \
		-o objs/src/http/modules/ngx_http_userid_filter_module.o \
		src/http/modules/ngx_http_userid_filter_module.c
cc -c -pipe  -O -W -Wall -Wpointer-arith -Wno-unused-parameter -Werror -g  -I src/core -I src/event -I src/event/modules -I src/os/unix -I objs -I src/http -I src/http/modules \
		-o objs/src/http/ngx_http_spdy.o \
		src/http/ngx_http_spdy.c
cc -c -pipe  -O -W -Wall -Wpointer-arith -Wno-unused-parameter -Werror -g  -I src/core -I src/event -I src/event/modules -I src/os/unix -I objs -I src/http -I src/http/modules \
		-o objs/src/http/ngx_http_spdy_module.o \
		src/http/ngx_http_spdy_module.c
cc -c -pipe  -O -W -Wall -Wpointer-arith -Wno-unused-parameter -Werror -g  -I src/core -I src/event -I src/event/modules -I src/os/unix -I objs -I src/http -I src/http/modules \
		-o objs/src/http/ngx_http_spdy_filter_module.o \
		src/http/ngx_http_spdy_filter_module.c
cc -c -pipe  -O -W -Wall -Wpointer-arith -Wno-unused-parameter -Werror -g  -I src/core -I src/event -I src/event/modules -I src/os/unix -I objs -I src/http -I src/http/modules \
		-o objs/src/http/modules/ngx_http_gzip_static_module.o \
		src/http/modules/ngx_http_gzip_static_module.c
cc -c -pipe  -O -W -Wall -Wpointer-arith -Wno-unused-parameter -Werror -g  -I src/core -I src/event -I src/event/modules -I src/os/unix -I objs -I src/http -I src/http/modules \
		-o objs/src/http/modules/ngx_http_dav_module.o \
		src/http/modules/ngx_http_dav_module.c
cc -c -pipe  -O -W -Wall -Wpointer-arith -Wno-unused-parameter -Werror -g  -I src/core -I src/event -I src/event/modules -I src/os/unix -I objs -I src/http -I src/http/modules \
		-o objs/src/http/modules/ngx_http_autoindex_module.o \
		src/http/modules/ngx_http_autoindex_module.c
cc -c -pipe  -O -W -Wall -Wpointer-arith -Wno-unused-parameter -Werror -g  -I src/core -I src/event -I src/event/modules -I src/os/unix -I objs -I src/http -I src/http/modules \
		-o objs/src/http/modules/ngx_http_auth_basic_module.o \
		src/http/modules/ngx_http_auth_basic_module.c
cc -c -pipe  -O -W -Wall -Wpointer-arith -Wno-unused-parameter -Werror -g  -I src/core -I src/event -I src/event/modules -I src/os/unix -I objs -I src/http -I src/http/modules \
		-o objs/src/http/modules/ngx_http_access_module.o \
		src/http/modules/ngx_http_access_module.c
cc -c -pipe  -O -W -Wall -Wpointer-arith -Wno-unused-parameter -Werror -g  -I src/core -I src/event -I src/event/modules -I src/os/unix -I objs -I src/http -I src/http/modules \
		-o objs/src/http/modules/ngx_http_limit_conn_module.o \
		src/http/modules/ngx_http_limit_conn_module.c
cc -c -pipe  -O -W -Wall -Wpointer-arith -Wno-unused-parameter -Werror -g  -I src/core -I src/event -I src/event/modules -I src/os/unix -I objs -I src/http -I src/http/modules \
		-o objs/src/http/modules/ngx_http_limit_req_module.o \
		src/http/modules/ngx_http_limit_req_module.c
cc -c -pipe  -O -W -Wall -Wpointer-arith -Wno-unused-parameter -Werror -g  -I src/core -I src/event -I src/event/modules -I src/os/unix -I objs -I src/http -I src/http/modules \
		-o objs/src/http/modules/ngx_http_realip_module.o \
		src/http/modules/ngx_http_realip_module.c
cc -c -pipe  -O -W -Wall -Wpointer-arith -Wno-unused-parameter -Werror -g  -I src/core -I src/event -I src/event/modules -I src/os/unix -I objs -I src/http -I src/http/modules \
		-o objs/src/http/modules/ngx_http_geo_module.o \
		src/http/modules/ngx_http_geo_module.c
cc -c -pipe  -O -W -Wall -Wpointer-arith -Wno-unused-parameter -Werror -g  -I src/core -I src/event -I src/event/modules -I src/os/unix -I objs -I src/http -I src/http/modules \
		-o objs/src/http/modules/ngx_http_map_module.o \
		src/http/modules/ngx_http_map_module.c
cc -c -pipe  -O -W -Wall -Wpointer-arith -Wno-unused-parameter -Werror -g  -I src/core -I src/event -I src/event/modules -I src/os/unix -I objs -I src/http -I src/http/modules \
		-o objs/src/http/modules/ngx_http_split_clients_module.o \
		src/http/modules/ngx_http_split_clients_module.c
cc -c -pipe  -O -W -Wall -Wpointer-arith -Wno-unused-parameter -Werror -g  -I src/core -I src/event -I src/event/modules -I src/os/unix -I objs -I src/http -I src/http/modules \
		-o objs/src/http/modules/ngx_http_referer_module.o \
		src/http/modules/ngx_http_referer_module.c
cc -c -pipe  -O -W -Wall -Wpointer-arith -Wno-unused-parameter -Werror -g  -I src/core -I src/event -I src/event/modules -I src/os/unix -I objs -I src/http -I src/http/modules \
		-o objs/src/http/modules/ngx_http_rewrite_module.o \
		src/http/modules/ngx_http_rewrite_module.c
cc -c -pipe  -O -W -Wall -Wpointer-arith -Wno-unused-parameter -Werror -g  -I src/core -I src/event -I src/event/modules -I src/os/unix -I objs -I src/http -I src/http/modules \
		-o objs/src/http/modules/ngx_http_ssl_module.o \
		src/http/modules/ngx_http_ssl_module.c
cc -c -pipe  -O -W -Wall -Wpointer-arith -Wno-unused-parameter -Werror -g  -I src/core -I src/event -I src/event/modules -I src/os/unix -I objs -I src/http -I src/http/modules \
		-o objs/src/http/modules/ngx_http_proxy_module.o \
		src/http/modules/ngx_http_proxy_module.c
cc -c -pipe  -O -W -Wall -Wpointer-arith -Wno-unused-parameter -Werror -g  -I src/core -I src/event -I src/event/modules -I src/os/unix -I objs -I src/http -I src/http/modules \
		-o objs/src/http/modules/ngx_http_fastcgi_module.o \
		src/http/modules/ngx_http_fastcgi_module.c
cc -c -pipe  -O -W -Wall -Wpointer-arith -Wno-unused-parameter -Werror -g  -I src/core -I src/event -I src/event/modules -I src/os/unix -I objs -I src/http -I src/http/modules \
		-o objs/src/http/modules/ngx_http_uwsgi_module.o \
		src/http/modules/ngx_http_uwsgi_module.c
cc -c -pipe  -O -W -Wall -Wpointer-arith -Wno-unused-parameter -Werror -g  -I src/core -I src/event -I src/event/modules -I src/os/unix -I objs -I src/http -I src/http/modules \
		-o objs/src/http/modules/ngx_http_scgi_module.o \
		src/http/modules/ngx_http_scgi_module.c
cc -c -pipe  -O -W -Wall -Wpointer-arith -Wno-unused-parameter -Werror -g  -I src/core -I src/event -I src/event/modules -I src/os/unix -I objs -I src/http -I src/http/modules \
		-o objs/src/http/modules/ngx_http_memcached_module.o \
		src/http/modules/ngx_http_memcached_module.c
cc -c -pipe  -O -W -Wall -Wpointer-arith -Wno-unused-parameter -Werror -g  -I src/core -I src/event -I src/event/modules -I src/os/unix -I objs -I src/http -I src/http/modules \
		-o objs/src/http/modules/ngx_http_empty_gif_module.o \
		src/http/modules/ngx_http_empty_gif_module.c
cc -c -pipe  -O -W -Wall -Wpointer-arith -Wno-unused-parameter -Werror -g  -I src/core -I src/event -I src/event/modules -I src/os/unix -I objs -I src/http -I src/http/modules \
		-o objs/src/http/modules/ngx_http_browser_module.o \
		src/http/modules/ngx_http_browser_module.c
cc -c -pipe  -O -W -Wall -Wpointer-arith -Wno-unused-parameter -Werror -g  -I src/core -I src/event -I src/event/modules -I src/os/unix -I objs -I src/http -I src/http/modules \
		-o objs/src/http/modules/ngx_http_degradation_module.o \
		src/http/modules/ngx_http_degradation_module.c
cc -c -pipe  -O -W -Wall -Wpointer-arith -Wno-unused-parameter -Werror -g  -I src/core -I src/event -I src/event/modules -I src/os/unix -I objs -I src/http -I src/http/modules \
		-o objs/src/http/modules/ngx_http_upstream_hash_module.o \
		src/http/modules/ngx_http_upstream_hash_module.c
cc -c -pipe  -O -W -Wall -Wpointer-arith -Wno-unused-parameter -Werror -g  -I src/core -I src/event -I src/event/modules -I src/os/unix -I objs -I src/http -I src/http/modules \
		-o objs/src/http/modules/ngx_http_upstream_ip_hash_module.o \
		src/http/modules/ngx_http_upstream_ip_hash_module.c
cc -c -pipe  -O -W -Wall -Wpointer-arith -Wno-unused-parameter -Werror -g  -I src/core -I src/event -I src/event/modules -I src/os/unix -I objs -I src/http -I src/http/modules \
		-o objs/src/http/modules/ngx_http_upstream_least_conn_module.o \
		src/http/modules/ngx_http_upstream_least_conn_module.c
cc -c -pipe  -O -W -Wall -Wpointer-arith -Wno-unused-parameter -Werror -g  -I src/core -I src/event -I src/event/modules -I src/os/unix -I objs -I src/http -I src/http/modules \
		-o objs/src/http/modules/ngx_http_upstream_keepalive_module.o \
		src/http/modules/ngx_http_upstream_keepalive_module.c
cc -c -pipe  -O -W -Wall -Wpointer-arith -Wno-unused-parameter -Werror -g  -I src/core -I src/event -I src/event/modules -I src/os/unix -I objs -I src/http -I src/http/modules \
		-o objs/src/http/modules/ngx_http_stub_status_module.o \
		src/http/modules/ngx_http_stub_status_module.c
cc -c -pipe  -O -W -Wall -Wpointer-arith -Wno-unused-parameter -Werror -g  -I src/core -I src/event -I src/event/modules -I src/os/unix -I objs \
		-o objs/ngx_modules.o \
		objs/ngx_modules.c
cc -o objs/nginx \
	objs/src/core/nginx.o \
	objs/src/core/ngx_log.o \
	objs/src/core/ngx_palloc.o \
	objs/src/core/ngx_array.o \
	objs/src/core/ngx_list.o \
	objs/src/core/ngx_hash.o \
	objs/src/core/ngx_buf.o \
	objs/src/core/ngx_queue.o \
	objs/src/core/ngx_output_chain.o \
	objs/src/core/ngx_string.o \
	objs/src/core/ngx_parse.o \
	objs/src/core/ngx_inet.o \
	objs/src/core/ngx_file.o \
	objs/src/core/ngx_crc32.o \
	objs/src/core/ngx_murmurhash.o \
	objs/src/core/ngx_md5.o \
	objs/src/core/ngx_rbtree.o \
	objs/src/core/ngx_radix_tree.o \
	objs/src/core/ngx_slab.o \
	objs/src/core/ngx_times.o \
	objs/src/core/ngx_shmtx.o \
	objs/src/core/ngx_connection.o \
	objs/src/core/ngx_cycle.o \
	objs/src/core/ngx_spinlock.o \
	objs/src/core/ngx_cpuinfo.o \
	objs/src/core/ngx_conf_file.o \
	objs/src/core/ngx_resolver.o \
	objs/src/core/ngx_open_file_cache.o \
	objs/src/core/ngx_crypt.o \
	objs/src/core/ngx_proxy_protocol.o \
	objs/src/core/ngx_syslog.o \
	objs/src/event/ngx_event.o \
	objs/src/event/ngx_event_timer.o \
	objs/src/event/ngx_event_posted.o \
	objs/src/event/ngx_event_accept.o \
	objs/src/event/ngx_event_connect.o \
	objs/src/event/ngx_event_pipe.o \
	objs/src/os/unix/ngx_time.o \
	objs/src/os/unix/ngx_errno.o \
	objs/src/os/unix/ngx_alloc.o \
	objs/src/os/unix/ngx_files.o \
	objs/src/os/unix/ngx_socket.o \
	objs/src/os/unix/ngx_recv.o \
	objs/src/os/unix/ngx_readv_chain.o \
	objs/src/os/unix/ngx_udp_recv.o \
	objs/src/os/unix/ngx_send.o \
	objs/src/os/unix/ngx_writev_chain.o \
	objs/src/os/unix/ngx_channel.o \
	objs/src/os/unix/ngx_shmem.o \
	objs/src/os/unix/ngx_process.o \
	objs/src/os/unix/ngx_daemon.o \
	objs/src/os/unix/ngx_setaffinity.o \
	objs/src/os/unix/ngx_setproctitle.o \
	objs/src/os/unix/ngx_posix_init.o \
	objs/src/os/unix/ngx_user.o \
	objs/src/os/unix/ngx_process_cycle.o \
	objs/src/os/unix/ngx_linux_init.o \
	objs/src/event/modules/ngx_epoll_module.o \
	objs/src/os/unix/ngx_linux_sendfile_chain.o \
	objs/src/event/ngx_event_openssl.o \
	objs/src/event/ngx_event_openssl_stapling.o \
	objs/src/core/ngx_regex.o \
	objs/src/http/ngx_http.o \
	objs/src/http/ngx_http_core_module.o \
	objs/src/http/ngx_http_special_response.o \
	objs/src/http/ngx_http_request.o \
	objs/src/http/ngx_http_parse.o \
	objs/src/http/ngx_http_header_filter_module.o \
	objs/src/http/ngx_http_write_filter_module.o \
	objs/src/http/ngx_http_copy_filter_module.o \
	objs/src/http/modules/ngx_http_log_module.o \
	objs/src/http/ngx_http_request_body.o \
	objs/src/http/ngx_http_variables.o \
	objs/src/http/ngx_http_script.o \
	objs/src/http/ngx_http_upstream.o \
	objs/src/http/ngx_http_upstream_round_robin.o \
	objs/src/http/ngx_http_parse_time.o \
	objs/src/http/modules/ngx_http_static_module.o \
	objs/src/http/modules/ngx_http_index_module.o \
	objs/src/http/modules/ngx_http_chunked_filter_module.o \
	objs/src/http/modules/ngx_http_range_filter_module.o \
	objs/src/http/modules/ngx_http_headers_filter_module.o \
	objs/src/http/modules/ngx_http_not_modified_filter_module.o \
	objs/src/http/ngx_http_file_cache.o \
	objs/src/http/modules/ngx_http_gzip_filter_module.o \
	objs/src/http/ngx_http_postpone_filter_module.o \
	objs/src/http/modules/ngx_http_ssi_filter_module.o \
	objs/src/http/modules/ngx_http_charset_filter_module.o \
	objs/src/http/modules/ngx_http_gunzip_filter_module.o \
	objs/src/http/modules/ngx_http_userid_filter_module.o \
	objs/src/http/ngx_http_spdy.o \
	objs/src/http/ngx_http_spdy_module.o \
	objs/src/http/ngx_http_spdy_filter_module.o \
	objs/src/http/modules/ngx_http_gzip_static_module.o \
	objs/src/http/modules/ngx_http_dav_module.o \
	objs/src/http/modules/ngx_http_autoindex_module.o \
	objs/src/http/modules/ngx_http_auth_basic_module.o \
	objs/src/http/modules/ngx_http_access_module.o \
	objs/src/http/modules/ngx_http_limit_conn_module.o \
	objs/src/http/modules/ngx_http_limit_req_module.o \
	objs/src/http/modules/ngx_http_realip_module.o \
	objs/src/http/modules/ngx_http_geo_module.o \
	objs/src/http/modules/ngx_http_map_module.o \
	objs/src/http/modules/ngx_http_split_clients_module.o \
	objs/src/http/modules/ngx_http_referer_module.o \
	objs/src/http/modules/ngx_http_rewrite_module.o \
	objs/src/http/modules/ngx_http_ssl_module.o \
	objs/src/http/modules/ngx_http_proxy_module.o \
	objs/src/http/modules/ngx_http_fastcgi_module.o \
	objs/src/http/modules/ngx_http_uwsgi_module.o \
	objs/src/http/modules/ngx_http_scgi_module.o \
	objs/src/http/modules/ngx_http_memcached_module.o \
	objs/src/http/modules/ngx_http_empty_gif_module.o \
	objs/src/http/modules/ngx_http_browser_module.o \
	objs/src/http/modules/ngx_http_degradation_module.o \
	objs/src/http/modules/ngx_http_upstream_hash_module.o \
	objs/src/http/modules/ngx_http_upstream_ip_hash_module.o \
	objs/src/http/modules/ngx_http_upstream_least_conn_module.o \
	objs/src/http/modules/ngx_http_upstream_keepalive_module.o \
	objs/src/http/modules/ngx_http_stub_status_module.o \
	objs/ngx_modules.o \
	-lpthread -lcrypt -lpcre -lssl -lcrypto -ldl -lz
make[1]: Leaving directory `/root/CUCINA/Cucina/RACCOLTA/NGINX/1.8.0/nginx-1.8.0'
make -f objs/Makefile manpage
make[1]: Entering directory `/root/CUCINA/Cucina/RACCOLTA/NGINX/1.8.0/nginx-1.8.0'
sed -e "s|%%PREFIX%%|/opt/Nginx/1.8.0/Debian7/Linux/amd64|" \
		-e "s|%%PID_PATH%%|/opt/Nginx/1.8.0/Debian7/Linux/amd64/logs/nginx.pid|" \
		-e "s|%%CONF_PATH%%|/opt/Nginx/1.8.0/Debian7/Linux/amd64/conf/nginx.conf|" \
		-e "s|%%ERROR_LOG_PATH%%|/opt/Nginx/1.8.0/Debian7/Linux/amd64/logs/error.log|" \
		< man/nginx.8 > objs/nginx.8
make[1]: Leaving directory `/root/CUCINA/Cucina/RACCOLTA/NGINX/1.8.0/nginx-1.8.0'

nginx.post-make


make install

make -f objs/Makefile
make[1]: Entering directory `/root/CUCINA/Cucina/RACCOLTA/NGINX/1.8.0/nginx-1.8.0'
make[1]: `objs/nginx' is up to date.
make[1]: Leaving directory `/root/CUCINA/Cucina/RACCOLTA/NGINX/1.8.0/nginx-1.8.0'
make -f objs/Makefile manpage
make[1]: Entering directory `/root/CUCINA/Cucina/RACCOLTA/NGINX/1.8.0/nginx-1.8.0'
make[1]: Nothing to be done for `manpage'.
make[1]: Leaving directory `/root/CUCINA/Cucina/RACCOLTA/NGINX/1.8.0/nginx-1.8.0'
make -f objs/Makefile install
make[1]: Entering directory `/root/CUCINA/Cucina/RACCOLTA/NGINX/1.8.0/nginx-1.8.0'
test -d '/opt/Nginx/1.8.0/Debian7/Linux/amd64' || mkdir -p '/opt/Nginx/1.8.0/Debian7/Linux/amd64'
test -d '/opt/Nginx/1.8.0/Debian7/Linux/amd64/sbin' 		|| mkdir -p '/opt/Nginx/1.8.0/Debian7/Linux/amd64/sbin'
test ! -f '/opt/Nginx/1.8.0/Debian7/Linux/amd64/sbin/nginx' 		|| mv '/opt/Nginx/1.8.0/Debian7/Linux/amd64/sbin/nginx' 			'/opt/Nginx/1.8.0/Debian7/Linux/amd64/sbin/nginx.old'
cp objs/nginx '/opt/Nginx/1.8.0/Debian7/Linux/amd64/sbin/nginx'
test -d '/opt/Nginx/1.8.0/Debian7/Linux/amd64/conf' 		|| mkdir -p '/opt/Nginx/1.8.0/Debian7/Linux/amd64/conf'
cp conf/koi-win '/opt/Nginx/1.8.0/Debian7/Linux/amd64/conf'
cp conf/koi-utf '/opt/Nginx/1.8.0/Debian7/Linux/amd64/conf'
cp conf/win-utf '/opt/Nginx/1.8.0/Debian7/Linux/amd64/conf'
test -f '/opt/Nginx/1.8.0/Debian7/Linux/amd64/conf/mime.types' 		|| cp conf/mime.types '/opt/Nginx/1.8.0/Debian7/Linux/amd64/conf'
cp conf/mime.types '/opt/Nginx/1.8.0/Debian7/Linux/amd64/conf/mime.types.default'
test -f '/opt/Nginx/1.8.0/Debian7/Linux/amd64/conf/fastcgi_params' 		|| cp conf/fastcgi_params '/opt/Nginx/1.8.0/Debian7/Linux/amd64/conf'
cp conf/fastcgi_params 		'/opt/Nginx/1.8.0/Debian7/Linux/amd64/conf/fastcgi_params.default'
test -f '/opt/Nginx/1.8.0/Debian7/Linux/amd64/conf/fastcgi.conf' 		|| cp conf/fastcgi.conf '/opt/Nginx/1.8.0/Debian7/Linux/amd64/conf'
cp conf/fastcgi.conf '/opt/Nginx/1.8.0/Debian7/Linux/amd64/conf/fastcgi.conf.default'
test -f '/opt/Nginx/1.8.0/Debian7/Linux/amd64/conf/uwsgi_params' 		|| cp conf/uwsgi_params '/opt/Nginx/1.8.0/Debian7/Linux/amd64/conf'
cp conf/uwsgi_params 		'/opt/Nginx/1.8.0/Debian7/Linux/amd64/conf/uwsgi_params.default'
test -f '/opt/Nginx/1.8.0/Debian7/Linux/amd64/conf/scgi_params' 		|| cp conf/scgi_params '/opt/Nginx/1.8.0/Debian7/Linux/amd64/conf'
cp conf/scgi_params 		'/opt/Nginx/1.8.0/Debian7/Linux/amd64/conf/scgi_params.default'
test -f '/opt/Nginx/1.8.0/Debian7/Linux/amd64/conf/nginx.conf' 		|| cp conf/nginx.conf '/opt/Nginx/1.8.0/Debian7/Linux/amd64/conf/nginx.conf'
cp conf/nginx.conf '/opt/Nginx/1.8.0/Debian7/Linux/amd64/conf/nginx.conf.default'
test -d '/opt/Nginx/1.8.0/Debian7/Linux/amd64/logs' 		|| mkdir -p '/opt/Nginx/1.8.0/Debian7/Linux/amd64/logs'
test -d '/opt/Nginx/1.8.0/Debian7/Linux/amd64/logs' || 		mkdir -p '/opt/Nginx/1.8.0/Debian7/Linux/amd64/logs'
test -d '/opt/Nginx/1.8.0/Debian7/Linux/amd64/html' 		|| cp -R html '/opt/Nginx/1.8.0/Debian7/Linux/amd64'
test -d '/opt/Nginx/1.8.0/Debian7/Linux/amd64/logs' || 		mkdir -p '/opt/Nginx/1.8.0/Debian7/Linux/amd64/logs'
make[1]: Leaving directory `/root/CUCINA/Cucina/RACCOLTA/NGINX/1.8.0/nginx-1.8.0'

hash in Nginx.sha512sum

d56ce72cbd0a4b590cd87bc5ea3b26e5c9e301930387c7ad782b71f5f9dcf4a6a6daad78a52ef7fe1103e782e827f2ccfea514c639ed43a7ce65fb43a2f6562a  opt/Nginx/1.8.0/Debian7/Linux/amd64/sbin/nginx
43573b0cbaac6e2e1646e6217d2d10c40ad10b9db1f4492d6740545e793c891b5e39283a082896c0392b88eb319dfa9392421b1c89c094c9ce9f31b53d37ebaf  opt/Nginx/1.8.0/Debian7/Linux/amd64/html/index.html
802f79f498b46edd0390c6175e7ebb45cb13209c18133430cf5727f70f4058d3cfbff9dedbfd0589e661aa1c5143da294de03a7dad6e0ade533c914beede792d  opt/Nginx/1.8.0/Debian7/Linux/amd64/html/50x.html
788a217a5fbb81b77aeaaaa36f9e621d4d47dca1996df5ddd64902eaafe23cbf50d5a5522010b4ca9dee5a28feeb92b1a96db0cc67952b526ea7d158a4967145  opt/Nginx/1.8.0/Debian7/Linux/amd64/conf/mime.types
f03ed0db2ca73ae997001c29543a8ce791c56de0ce7acad644fb876c8b0d161f796fbd3e5900d0eb24865bf7420de6fc7149411c82b5b9227115fb61a9b1d120  opt/Nginx/1.8.0/Debian7/Linux/amd64/conf/koi-win
86f2706951bf89c896c1b10d5e1de8a53d9343576db3656722124d089d2934116a53ecebe51a1caf3affefcda99ec358e04e805d8baf1e3649f86953092c5abc  opt/Nginx/1.8.0/Debian7/Linux/amd64/conf/nginx.conf
7fdf0cbf68ac7f7b1417abb9eff332a33963903d0af04db70c486b81f785d34c72671941e0c8cce2c730c5f1e2c9e225af368ff3640161b6445deb42fa46844a  opt/Nginx/1.8.0/Debian7/Linux/amd64/conf/fastcgi_params
83cae702972bf45665d93f5facfba7a450ad9f1dce0eb70dd6af0a228782ab7b9f1414e5a7567dcb618c772af8e842e9340cbc9ec8187637527d15c24951d49b  opt/Nginx/1.8.0/Debian7/Linux/amd64/conf/uwsgi_params
83cae702972bf45665d93f5facfba7a450ad9f1dce0eb70dd6af0a228782ab7b9f1414e5a7567dcb618c772af8e842e9340cbc9ec8187637527d15c24951d49b  opt/Nginx/1.8.0/Debian7/Linux/amd64/conf/uwsgi_params.default
8519fe4c0173d358f32c415914900a3ef25ff4a9fe301a920eec95cccf019db6a83502867ea861d76095c9c1c2bb056def8c8ceb4ef2e494f10e1b1319085e40  opt/Nginx/1.8.0/Debian7/Linux/amd64/conf/scgi_params.default
98737caee7f6163370a81fab4a2a693e959e370cbe7df79c59c416337f82df35a5e0c8309d3274db6b73955ff93359df0a5825946ed1012976b36dd7fb12a6d9  opt/Nginx/1.8.0/Debian7/Linux/amd64/conf/koi-utf
788a217a5fbb81b77aeaaaa36f9e621d4d47dca1996df5ddd64902eaafe23cbf50d5a5522010b4ca9dee5a28feeb92b1a96db0cc67952b526ea7d158a4967145  opt/Nginx/1.8.0/Debian7/Linux/amd64/conf/mime.types.default
82ae7df06f12c573e51446758fef9a2da6ea3c7665179b4bea34abe4a0fddf2cee374b715270daa59bc14947930b4fe379e07f877dd144d484ea1b282a9392d1  opt/Nginx/1.8.0/Debian7/Linux/amd64/conf/fastcgi.conf
8519fe4c0173d358f32c415914900a3ef25ff4a9fe301a920eec95cccf019db6a83502867ea861d76095c9c1c2bb056def8c8ceb4ef2e494f10e1b1319085e40  opt/Nginx/1.8.0/Debian7/Linux/amd64/conf/scgi_params
86f2706951bf89c896c1b10d5e1de8a53d9343576db3656722124d089d2934116a53ecebe51a1caf3affefcda99ec358e04e805d8baf1e3649f86953092c5abc  opt/Nginx/1.8.0/Debian7/Linux/amd64/conf/nginx.conf.default
7fdf0cbf68ac7f7b1417abb9eff332a33963903d0af04db70c486b81f785d34c72671941e0c8cce2c730c5f1e2c9e225af368ff3640161b6445deb42fa46844a  opt/Nginx/1.8.0/Debian7/Linux/amd64/conf/fastcgi_params.default
77dcf001e332c6a326b3a8295167f47c298803f3924c3d04a636818ac00f15032aeee1182561df1ad4652b2a4400ac491113eb95a90a69559f7aa64a5839d7aa  opt/Nginx/1.8.0/Debian7/Linux/amd64/conf/win-utf
82ae7df06f12c573e51446758fef9a2da6ea3c7665179b4bea34abe4a0fddf2cee374b715270daa59bc14947930b4fe379e07f877dd144d484ea1b282a9392d1  opt/Nginx/1.8.0/Debian7/Linux/amd64/conf/fastcgi.conf.default

hash in Nginx.sha512sum.sha512sum

6137b67e6acba99145af47f683c9173102e3689091f563a53ef02054e286777ba9e6068cc5c327d60b9b14b2f93b64a9bb176f38ad8f449303301ca0a029f7d1  Nginx.sha512sum

hash in nginx-1.8.0.tar.gz.sha512sum

3e5d7e1b01839b2638251c47046149450b9b65985e611ef55e5953846e9eb0128c3708c695540ad4dfd0ce5e3060dfecb51213403048fab1a99dd5cea94f0038  nginx-1.8.0.tar.gz

total 916
drwxr-xr-x 3 root root   4096 May 26 13:57 .
drwxr-xr-x 5 root root   4096 May 26 13:31 ..
-rw-r--r-- 1 root root  64056 May 26 13:57 Nginx.log
-rw-r--r-- 1 root root   3326 May 26 13:57 Nginx.sha512sum
-rw-r--r-- 1 root root    146 May 26 13:57 Nginx.sha512sum.sha512sum
-rw-r--r-- 1 root root 832104 May 26 13:31 nginx-1.8.0.tar.gz
-rw-r--r-- 1 root root    149 May 26 13:56 nginx-1.8.0.tar.gz.sha512sum
-rwxr-xr-x 1 root root    552 May 26 13:56 nginx.ingredienti
drwxr-xr-x 3 root root   4096 May 26 13:57 opt
-rwxr-xr-x 2 root root   5873 May 26 13:53 prepara.ricetta

